<?xml version="1.0" encoding="UTF-8"?>
<!-- Generated by org.testng.reporters.JUnitReportReporter -->
<testsuite hostname="DESKTOP-9M5IC3D" failures="0" tests="1" name="responseBody.respBodyValidation" time="7.473" errors="0" timestamp="2024-08-31T12:17:51 IST" skipped="0">
  <testcase classname="responseBody.respBodyValidation" name="responseBody" time="7.473"/>
  <system-out/>
</testsuite> <!-- responseBody.respBodyValidation -->
