<?xml version="1.0" encoding="UTF-8"?>
<!-- Generated by org.testng.reporters.JUnitReportReporter -->
<testsuite hostname="DESKTOP-9M5IC3D" failures="0" tests="1" name="complexDataValidation.ComplexValidation" time="5.961" errors="0" timestamp="2024-09-02T11:52:11 IST" skipped="0">
  <testcase classname="complexDataValidation.ComplexValidation" name="complexDataValidation" time="5.961"/>
  <system-out/>
</testsuite> <!-- complexDataValidation.ComplexValidation -->
