<?xml version="1.0" encoding="UTF-8"?>
<!-- Generated by org.testng.reporters.JUnitReportReporter -->
<testsuite hostname="DESKTOP-9M5IC3D" failures="0" tests="1" name="UpdateRequest.FetchUsingJsonPath" time="6.374" errors="0" timestamp="2024-08-30T13:00:36 IST" skipped="0">
  <testcase classname="UpdateRequest.FetchUsingJsonPath" name="fetchUsingJsonPath" time="6.374"/>
  <system-out/>
</testsuite> <!-- UpdateRequest.FetchUsingJsonPath -->
