<?xml version="1.0" encoding="UTF-8"?>
<!-- Generated by org.testng.reporters.JUnitReportReporter -->
<testsuite hostname="DESKTOP-9M5IC3D" failures="0" tests="1" name="UpdateRequest.UpdateAndFetch" time="6.140" errors="0" timestamp="2024-08-30T12:47:53 IST" skipped="0">
  <testcase classname="UpdateRequest.UpdateAndFetch" name="modifyAndread" time="6.140"/>
  <system-out/>
</testsuite> <!-- UpdateRequest.UpdateAndFetch -->
