<?xml version="1.0" encoding="UTF-8"?>
<!-- Generated by org.testng.reporters.JUnitReportReporter -->
<testsuite hostname="DESKTOP-9M5IC3D" failures="0" tests="1" name="requestUsingHashmap.CreateRequestBodyBY_JSON_obj" time="7.061" errors="0" timestamp="2024-08-29T11:55:53 IST" skipped="0">
  <testcase classname="requestUsingHashmap.CreateRequestBodyBY_JSON_obj" name="createRequest" time="7.061"/>
  <system-out/>
</testsuite> <!-- requestUsingHashmap.CreateRequestBodyBY_JSON_obj -->
