<?xml version="1.0" encoding="UTF-8"?>
<!-- Generated by org.testng.reporters.JUnitReportReporter -->
<testsuite hostname="DESKTOP-9M5IC3D" failures="0" tests="1" name="requestUsingHashmap.CreateRequestBodyBy_JSON_FILE" time="7.015" errors="0" timestamp="2024-08-29T12:41:17 IST" skipped="0">
  <testcase classname="requestUsingHashmap.CreateRequestBodyBy_JSON_FILE" name="createRequest" time="7.015"/>
  <system-out/>
</testsuite> <!-- requestUsingHashmap.CreateRequestBodyBy_JSON_FILE -->
