<?xml version="1.0" encoding="UTF-8"?>
<!-- Generated by org.testng.reporters.JUnitReportReporter -->
<testsuite hostname="DESKTOP-9M5IC3D" failures="0" tests="1" name="requestUsingHashmap.CreateRequestBodyBy_POJO_Class" time="5.331" errors="0" timestamp="2024-08-29T12:45:44 IST" skipped="0">
  <testcase classname="requestUsingHashmap.CreateRequestBodyBy_POJO_Class" name="createRequest" time="5.331"/>
  <system-out/>
</testsuite> <!-- requestUsingHashmap.CreateRequestBodyBy_POJO_Class -->
